# JRE version: OpenJDK Runtime Environment Temurin-21.0.12.1+1 (21.0.12.1+1) (build 21.0.12.1+1-LTS)
# Java VM: OpenJDK 64-Bit Server VM Temurin-21.0.12.1+1 (21.0.12.1+1-LTS, mixed mode, sharing, tiered, compressed oops, compressed class ptrs, parallel gc, windows-amd64)
GC Precious Log:
 CardTable entry size: 512
 CPUs: 2 total, 2 available
 Memory: 3737M
 Large Page Support: Disabled
 NUMA Support: Disabled
 Compressed Oops: Enabled (32-bit)
 Alignments: Space 512K, Generation 512K, Heap 2M
 Heap Min Capacity: 100M
 Heap Initial Capacity: 100M
 Heap Max Capacity: 2G
 Pre-touch: Disabled
 Parallel Workers: 2
Heap:
 PSYoungGen      total 6144K, used 3274K [0x00000000d5580000, 0x00000000d5d00000, 0x0000000100000000)
  eden space 4608K, 41% used [0x00000000d5580000,0x00000000d575aa40,0x00000000d5a00000)
  from space 1536K, 89% used [0x00000000d5b80000,0x00000000d5cd80c0,0x00000000d5d00000)
  to   space 1536K, 0% used [0x00000000d5a00000,0x00000000d5a00000,0x00000000d5b80000)
 ParOldGen       total 1398272K, used 84791K [0x0000000080000000, 0x00000000d5580000, 0x00000000d5580000)
  object space 1398272K, 6% used [0x0000000080000000,0x00000000852cdf98,0x00000000d5580000)
 Metaspace       used 72765K, committed 73984K, reserved 1179648K
  class space    used 7615K, committed 8192K, reserved 1048576K
GC Heap History (20 events):
Event: 792.543 GC heap before
{Heap before GC invocations=860 (full 5):
 PSYoungGen      total 3584K, used 3120K [0x00000000d5580000, 0x00000000d5b80000, 0x0000000100000000)
  eden space 2560K, 100% used [0x00000000d5580000,0x00000000d5800000,0x00000000d5800000)
  from space 1024K, 54% used [0x00000000d5a80000,0x00000000d5b0c010,0x00000000d5b80000)
  to   space 1024K, 0% used [0x00000000d5980000,0x00000000d5980000,0x00000000d5a80000)
 ParOldGen       total 1398272K, used 84090K [0x0000000080000000, 0x00000000d5580000, 0x00000000d5580000)
  object space 1398272K, 6% used [0x0000000080000000,0x000000008521eb08,0x00000000d5580000)
 Metaspace       used 72409K, committed 73600K, reserved 1114112K
  class space    used 7589K, committed 8192K, reserved 1048576K
}
Event: 792.594 GC heap after
{Heap after GC invocations=860 (full 5):
 PSYoungGen      total 3584K, used 496K [0x00000000d5580000, 0x00000000d5b00000, 0x0000000100000000)
  eden space 3072K, 0% used [0x00000000d5580000,0x00000000d5580000,0x00000000d5880000)
  from space 512K, 96% used [0x00000000d5980000,0x00000000d59fc010,0x00000000d5a00000)
  to   space 1024K, 0% used [0x00000000d5a00000,0x00000000d5a00000,0x00000000d5b00000)
 ParOldGen       total 1398272K, used 84090K [0x0000000080000000, 0x00000000d5580000, 0x00000000d5580000)
  object space 1398272K, 6% used [0x0000000080000000,0x000000008521eb08,0x00000000d5580000)
 Metaspace       used 72409K, committed 73600K, reserved 1114112K
  class space    used 7589K, committed 8192K, reserved 1048576K
}
Event: 797.683 GC heap before
{Heap before GC invocations=861 (full 5):
 PSYoungGen      total 3584K, used 3567K [0x00000000d5580000, 0x00000000d5b00000, 0x0000000100000000)
  eden space 3072K, 99% used [0x00000000d5580000,0x00000000d587fe80,0x00000000d5880000)
  from space 512K, 96% used [0x00000000d5980000,0x00000000d59fc010,0x00000000d5a00000)
  to   space 1024K, 0% used [0x00000000d5a00000,0x00000000d5a00000,0x00000000d5b00000)
 ParOldGen       total 1398272K, used 84090K [0x0000000080000000, 0x00000000d5580000, 0x00000000d5580000)
  object space 1398272K, 6% used [0x0000000080000000,0x000000008521eb08,0x00000000d5580000)
 Metaspace       used 72442K, committed 73664K, reserved 1179648K
  class space    used 7591K, committed 8192K, reserved 1048576K
}
Event: 797.693 GC heap after
{Heap after GC invocations=861 (full 5):
 PSYoungGen      total 4096K, used 1008K [0x00000000d5580000, 0x00000000d5c00000, 0x0000000100000000)
  eden space 3072K, 0% used [0x00000000d5580000,0x00000000d5580000,0x00000000d5880000)
  from space 1024K, 98% used [0x00000000d5a00000,0x00000000d5afc070,0x00000000d5b00000)
  to   space 1536K, 0% used [0x00000000d5880000,0x00000000d5880000,0x00000000d5a00000)
 ParOldGen       total 1398272K, used 84090K [0x0000000080000000, 0x00000000d5580000, 0x00000000d5580000)
  object space 1398272K, 6% used [0x0000000080000000,0x000000008521eb08,0x00000000d5580000)
 Metaspace       used 72442K, committed 73664K, reserved 1179648K
  class space    used 7591K, committed 8192K, reserved 1048576K
}
Event: 800.244 GC heap before
{Heap before GC invocations=862 (full 5):
 PSYoungGen      total 4096K, used 4080K [0x00000000d5580000, 0x00000000d5c00000, 0x0000000100000000)
  eden space 3072K, 100% used [0x00000000d5580000,0x00000000d5880000,0x00000000d5880000)
  from space 1024K, 98% used [0x00000000d5a00000,0x00000000d5afc070,0x00000000d5b00000)
  to   space 1536K, 0% used [0x00000000d5880000,0x00000000d5880000,0x00000000d5a00000)
 ParOldGen       total 1398272K, used 84090K [0x0000000080000000, 0x00000000d5580000, 0x00000000d5580000)
  object space 1398272K, 6% used [0x0000000080000000,0x000000008521eb08,0x00000000d5580000)
 Metaspace       used 72475K, committed 73792K, reserved 1179648K
  class space    used 7592K, committed 8192K, reserved 1048576K
}
Event: 800.249 GC heap after
{Heap after GC invocations=862 (full 5):
 PSYoungGen      total 4608K, used 928K [0x00000000d5580000, 0x00000000d5b00000, 0x0000000100000000)
  eden space 3072K, 0% used [0x00000000d5580000,0x00000000d5580000,0x00000000d5880000)
  from space 1536K, 60% used [0x00000000d5880000,0x00000000d5968080,0x00000000d5a00000)
  to   space 1024K, 0% used [0x00000000d5a00000,0x00000000d5a00000,0x00000000d5b00000)
 ParOldGen       total 1398272K, used 84090K [0x0000000080000000, 0x00000000d5580000, 0x00000000d5580000)
  object space 1398272K, 6% used [0x0000000080000000,0x000000008521eb08,0x00000000d5580000)
 Metaspace       used 72475K, committed 73792K, reserved 1179648K
  class space    used 7592K, committed 8192K, reserved 1048576K
}
Event: 801.872 GC heap before
{Heap before GC invocations=863 (full 5):
 PSYoungGen      total 4608K, used 4000K [0x00000000d5580000, 0x00000000d5b00000, 0x0000000100000000)
  eden space 3072K, 99% used [0x00000000d5580000,0x00000000d587fff8,0x00000000d5880000)
  from space 1536K, 60% used [0x00000000d5880000,0x00000000d5968080,0x00000000d5a00000)
  to   space 1024K, 0% used [0x00000000d5a00000,0x00000000d5a00000,0x00000000d5b00000)
 ParOldGen       total 1398272K, used 84090K [0x0000000080000000, 0x00000000d5580000, 0x00000000d5580000)
  object space 1398272K, 6% used [0x0000000080000000,0x000000008521eb08,0x00000000d5580000)
 Metaspace       used 72502K, committed 73792K, reserved 1179648K
  class space    used 7592K, committed 8192K, reserved 1048576K
}
Event: 801.879 GC heap after
{Heap after GC invocations=863 (full 5):
 PSYoungGen      total 4096K, used 1008K [0x00000000d5580000, 0x00000000d5c00000, 0x0000000100000000)
  eden space 3072K, 0% used [0x00000000d5580000,0x00000000d5580000,0x00000000d5880000)
  from space 1024K, 98% used [0x00000000d5a00000,0x00000000d5afc090,0x00000000d5b00000)
  to   space 1536K, 0% used [0x00000000d5880000,0x00000000d5880000,0x00000000d5a00000)
 ParOldGen       total 1398272K, used 84527K [0x0000000080000000, 0x00000000d5580000, 0x00000000d5580000)
  object space 1398272K, 6% used [0x0000000080000000,0x000000008528bf98,0x00000000d5580000)
 Metaspace       used 72502K, committed 73792K, reserved 1179648K
  class space    used 7592K, committed 8192K, reserved 1048576K
}
Event: 833.930 GC heap before
{Heap before GC invocations=864 (full 5):
 PSYoungGen      total 4096K, used 4080K [0x00000000d5580000, 0x00000000d5c00000, 0x0000000100000000)
  eden space 3072K, 100% used [0x00000000d5580000,0x00000000d5880000,0x00000000d5880000)
  from space 1024K, 98% used [0x00000000d5a00000,0x00000000d5afc090,0x00000000d5b00000)
  to   space 1536K, 0% used [0x00000000d5880000,0x00000000d5880000,0x00000000d5a00000)
 ParOldGen       total 1398272K, used 84527K [0x0000000080000000, 0x00000000d5580000, 0x00000000d5580000)
  object space 1398272K, 6% used [0x0000000080000000,0x000000008528bf98,0x00000000d5580000)
 Metaspace       used 72525K, committed 73792K, reserved 1179648K
  class space    used 7592K, committed 8192K, reserved 1048576K
}
Event: 833.966 GC heap after
{Heap after GC invocations=864 (full 5):
 PSYoungGen      total 4608K, used 1440K [0x00000000d5580000, 0x00000000d5c00000, 0x0000000100000000)
  eden space 3072K, 0% used [0x00000000d5580000,0x00000000d5580000,0x00000000d5880000)
  from space 1536K, 93% used [0x00000000d5880000,0x00000000d59e80a0,0x00000000d5a00000)
  to   space 1536K, 0% used [0x00000000d5a80000,0x00000000d5a80000,0x00000000d5c00000)
 ParOldGen       total 1398272K, used 84583K [0x0000000080000000, 0x00000000d5580000, 0x00000000d5580000)
  object space 1398272K, 6% used [0x0000000080000000,0x0000000085299f98,0x00000000d5580000)
 Metaspace       used 72525K, committed 73792K, reserved 1179648K
  class space    used 7592K, committed 8192K, reserved 1048576K
}
Event: 835.003 GC heap before
{Heap before GC invocations=865 (full 5):
 PSYoungGen      total 4608K, used 4512K [0x00000000d5580000, 0x00000000d5c00000, 0x0000000100000000)
  eden space 3072K, 100% used [0x00000000d5580000,0x00000000d5880000,0x00000000d5880000)
  from space 1536K, 93% used [0x00000000d5880000,0x00000000d59e80a0,0x00000000d5a00000)
  to   space 1536K, 0% used [0x00000000d5a80000,0x00000000d5a80000,0x00000000d5c00000)
 ParOldGen       total 1398272K, used 84583K [0x0000000080000000, 0x00000000d5580000, 0x00000000d5580000)
  object space 1398272K, 6% used [0x0000000080000000,0x0000000085299f98,0x00000000d5580000)
 Metaspace       used 72540K, committed 73792K, reserved 1179648K
  class space    used 7592K, committed 8192K, reserved 1048576K
}
Event: 835.006 GC heap after
{Heap after GC invocations=865 (full 5):
 PSYoungGen      total 4608K, used 688K [0x00000000d5580000, 0x00000000d5b80000, 0x0000000100000000)
  eden space 3584K, 0% used [0x00000000d5580000,0x00000000d5580000,0x00000000d5900000)
  from space 1024K, 67% used [0x00000000d5a80000,0x00000000d5b2c090,0x00000000d5b80000)
  to   space 1024K, 0% used [0x00000000d5980000,0x00000000d5980000,0x00000000d5a80000)
 ParOldGen       total 1398272K, used 84591K [0x0000000080000000, 0x00000000d5580000, 0x00000000d5580000)
  object space 1398272K, 6% used [0x0000000080000000,0x000000008529bf98,0x00000000d5580000)
 Metaspace       used 72540K, committed 73792K, reserved 1179648K
  class space    used 7592K, committed 8192K, reserved 1048576K
}
Event: 836.137 GC heap before
{Heap before GC invocations=866 (full 5):
 PSYoungGen      total 4608K, used 4272K [0x00000000d5580000, 0x00000000d5b80000, 0x0000000100000000)
  eden space 3584K, 100% used [0x00000000d5580000,0x00000000d5900000,0x00000000d5900000)
  from space 1024K, 67% used [0x00000000d5a80000,0x00000000d5b2c090,0x00000000d5b80000)
  to   space 1024K, 0% used [0x00000000d5980000,0x00000000d5980000,0x00000000d5a80000)
 ParOldGen       total 1398272K, used 84591K [0x0000000080000000, 0x00000000d5580000, 0x00000000d5580000)
  object space 1398272K, 6% used [0x0000000080000000,0x000000008529bf98,0x00000000d5580000)
 Metaspace       used 72559K, committed 73856K, reserved 1179648K
  class space    used 7592K, committed 8192K, reserved 1048576K
}
Event: 836.146 GC heap after
{Heap after GC invocations=866 (full 5):
 PSYoungGen      total 5120K, used 752K [0x00000000d5580000, 0x00000000d5b80000, 0x0000000100000000)
  eden space 4096K, 0% used [0x00000000d5580000,0x00000000d5580000,0x00000000d5980000)
  from space 1024K, 73% used [0x00000000d5980000,0x00000000d5a3c090,0x00000000d5a80000)
  to   space 1024K, 0% used [0x00000000d5a80000,0x00000000d5a80000,0x00000000d5b80000)
 ParOldGen       total 1398272K, used 84591K [0x0000000080000000, 0x00000000d5580000, 0x00000000d5580000)
  object space 1398272K, 6% used [0x0000000080000000,0x000000008529bf98,0x00000000d5580000)
 Metaspace       used 72559K, committed 73856K, reserved 1179648K
  class space    used 7592K, committed 8192K, reserved 1048576K
}
Event: 836.693 GC heap before
{Heap before GC invocations=867 (full 5):
 PSYoungGen      total 5120K, used 4848K [0x00000000d5580000, 0x00000000d5b80000, 0x0000000100000000)
  eden space 4096K, 100% used [0x00000000d5580000,0x00000000d5980000,0x00000000d5980000)
  from space 1024K, 73% used [0x00000000d5980000,0x00000000d5a3c090,0x00000000d5a80000)
  to   space 1024K, 0% used [0x00000000d5a80000,0x00000000d5a80000,0x00000000d5b80000)
 ParOldGen       total 1398272K, used 84591K [0x0000000080000000, 0x00000000d5580000, 0x00000000d5580000)
  object space 1398272K, 6% used [0x0000000080000000,0x000000008529bf98,0x00000000d5580000)
 Metaspace       used 72580K, committed 73856K, reserved 1179648K
  class space    used 7592K, committed 8192K, reserved 1048576K
}
Event: 836.701 GC heap after
{Heap after GC invocations=867 (full 5):
 PSYoungGen      total 5120K, used 768K [0x00000000d5580000, 0x00000000d5c00000, 0x0000000100000000)
  eden space 4096K, 0% used [0x00000000d5580000,0x00000000d5580000,0x00000000d5980000)
  from space 1024K, 75% used [0x00000000d5a80000,0x00000000d5b40080,0x00000000d5b80000)
  to   space 1024K, 0% used [0x00000000d5980000,0x00000000d5980000,0x00000000d5a80000)
 ParOldGen       total 1398272K, used 84591K [0x0000000080000000, 0x00000000d5580000, 0x00000000d5580000)
  object space 1398272K, 6% used [0x0000000080000000,0x000000008529bf98,0x00000000d5580000)
 Metaspace       used 72580K, committed 73856K, reserved 1179648K
  class space    used 7592K, committed 8192K, reserved 1048576K
}
Event: 837.191 GC heap before
{Heap before GC invocations=868 (full 5):
 PSYoungGen      total 5120K, used 4864K [0x00000000d5580000, 0x00000000d5c00000, 0x0000000100000000)
  eden space 4096K, 100% used [0x00000000d5580000,0x00000000d5980000,0x00000000d5980000)
  from space 1024K, 75% used [0x00000000d5a80000,0x00000000d5b40080,0x00000000d5b80000)
  to   space 1024K, 0% used [0x00000000d5980000,0x00000000d5980000,0x00000000d5a80000)
 ParOldGen       total 1398272K, used 84591K [0x0000000080000000, 0x00000000d5580000, 0x00000000d5580000)
  object space 1398272K, 6% used [0x0000000080000000,0x000000008529bf98,0x00000000d5580000)
 Metaspace       used 72608K, committed 73856K, reserved 1179648K
  class space    used 7594K, committed 8192K, reserved 1048576K
}
Event: 837.198 GC heap after
{Heap after GC invocations=868 (full 5):
 PSYoungGen      total 5120K, used 1008K [0x00000000d5580000, 0x00000000d5d00000, 0x0000000100000000)
  eden space 4096K, 0% used [0x00000000d5580000,0x00000000d5580000,0x00000000d5980000)
  from space 1024K, 98% used [0x00000000d5980000,0x00000000d5a7c0b0,0x00000000d5a80000)
  to   space 1536K, 0% used [0x00000000d5b80000,0x00000000d5b80000,0x00000000d5d00000)
 ParOldGen       total 1398272K, used 84767K [0x0000000080000000, 0x00000000d5580000, 0x00000000d5580000)
  object space 1398272K, 6% used [0x0000000080000000,0x00000000852c7f98,0x00000000d5580000)
 Metaspace       used 72608K, committed 73856K, reserved 1179648K
  class space    used 7594K, committed 8192K, reserved 1048576K
}
Event: 840.127 GC heap before
{Heap before GC invocations=869 (full 5):
 PSYoungGen      total 5120K, used 5104K [0x00000000d5580000, 0x00000000d5d00000, 0x0000000100000000)
  eden space 4096K, 100% used [0x00000000d5580000,0x00000000d5980000,0x00000000d5980000)
  from space 1024K, 98% used [0x00000000d5980000,0x00000000d5a7c0b0,0x00000000d5a80000)
  to   space 1536K, 0% used [0x00000000d5b80000,0x00000000d5b80000,0x00000000d5d00000)
 ParOldGen       total 1398272K, used 84767K [0x0000000080000000, 0x00000000d5580000, 0x00000000d5580000)
  object space 1398272K, 6% used [0x0000000080000000,0x00000000852c7f98,0x00000000d5580000)
 Metaspace       used 72711K, committed 73920K, reserved 1179648K
  class space    used 7612K, committed 8192K, reserved 1048576K
}
Event: 840.134 GC heap after
{Heap after GC invocations=869 (full 5):
 PSYoungGen      total 6144K, used 1376K [0x00000000d5580000, 0x00000000d5d00000, 0x0000000100000000)
  eden space 4608K, 0% used [0x00000000d5580000,0x00000000d5580000,0x00000000d5a00000)
  from space 1536K, 89% used [0x00000000d5b80000,0x00000000d5cd80c0,0x00000000d5d00000)
  to   space 1536K, 0% used [0x00000000d5a00000,0x00000000d5a00000,0x00000000d5b80000)
 ParOldGen       total 1398272K, used 84791K [0x0000000080000000, 0x00000000d5580000, 0x00000000d5580000)
  object space 1398272K, 6% used [0x0000000080000000,0x00000000852cdf98,0x00000000d5580000)
 Metaspace       used 72711K, committed 73920K, reserved 1179648K
  class space    used 7612K, committed 8192K, reserved 1048576K
}

